2014/07/10 13:59:39 [error] [system.db.CDbCommand] CDbCommand::fetch() failed: SQLSTATE[HY093]: Invalid parameter number: parameter was not defined. The SQL statement executed was: SELECT * FROM `tbl_userlogin` `t` WHERE name=:name LIMIT 1.
in D:\code\php\admin\yii\login\protected\controllers\CpsController.php (266)
in D:\code\php\admin\yii\login\protected\controllers\CpsController.php (312)
in D:\code\php\admin\yii\login\index.php (17)
2014/07/10 13:59:39 [error] [exception.CDbException] exception 'CDbException' with message 'CDbCommand failed to execute the SQL statement: SQLSTATE[HY093]: Invalid parameter number: parameter was not defined. The SQL statement executed was: SELECT * FROM `tbl_userlogin` `t` WHERE name=:name LIMIT 1' in D:\code\php\admin\yii\framework\db\CDbCommand.php:541
Stack trace:
#0 D:\code\php\admin\yii\framework\db\CDbCommand.php(414): CDbCommand->queryInternal('fetch', Array, Array)
#1 D:\code\php\admin\yii\framework\db\ar\CActiveRecord.php(1297): CDbCommand->queryRow()
#2 D:\code\php\admin\yii\framework\db\ar\CActiveRecord.php(1402): CActiveRecord->query(Object(CDbCriteria))
#3 D:\code\php\admin\yii\login\protected\controllers\CpsController.php(266): CActiveRecord->find('name=:name', Array)
#4 D:\code\php\admin\yii\login\protected\controllers\CpsController.php(312): CpsController->_fistpayprocess('213123123', 1, Object(PayAdapter))
#5 D:\code\php\admin\yii\framework\web\actions\CInlineAction.php(49): CpsController->actionFirstPay()
#6 D:\code\php\admin\yii\framework\web\CController.php(308): CInlineAction->runWithParams(Array)
#7 D:\code\php\admin\yii\framework\web\CController.php(286): CController->runAction(Object(CInlineAction))
#8 D:\code\php\admin\yii\framework\web\CController.php(265): CController->runActionWithFilters(Object(CInlineAction), Array)
#9 D:\code\php\admin\yii\framework\web\CWebApplication.php(282): CController->run('firstpay')
#10 D:\code\php\admin\yii\framework\web\CWebApplication.php(141): CWebApplication->runController('cps/firstpay')
#11 D:\code\php\admin\yii\framework\base\CApplication.php(169): CWebApplication->processRequest()
#12 D:\code\php\admin\yii\login\index.php(17): CApplication->run()
#13 {main}
REQUEST_URI=/index.php/cps/firstpay?&&inajax=2
HTTP_REFERER=http://cps.local.7433.com/
---
2014/07/10 14:01:40 [error] [php] array_merge(): Argument #2 is not an array (D:\code\php\admin\yii\login\protected\models\TableCps.php:222)
Stack trace:
#0 D:\code\php\admin\yii\framework\web\actions\CInlineAction.php(49): CpsController->actionFirstPay()
#1 D:\code\php\admin\yii\framework\web\CController.php(308): CInlineAction->runWithParams()
#2 D:\code\php\admin\yii\framework\web\CController.php(286): CpsController->runAction()
#3 D:\code\php\admin\yii\framework\web\CController.php(265): CpsController->runActionWithFilters()
#4 D:\code\php\admin\yii\framework\web\CWebApplication.php(282): CpsController->run()
#5 D:\code\php\admin\yii\framework\web\CWebApplication.php(141): CWebApplication->runController()
#6 D:\code\php\admin\yii\framework\base\CApplication.php(169): CWebApplication->processRequest()
#7 D:\code\php\admin\yii\login\index.php(17): CWebApplication->run()
REQUEST_URI=/index.php/cps/firstpay?&&&&&&inajax=2
in D:\code\php\admin\yii\login\protected\models\TableCps.php (222)
in D:\code\php\admin\yii\login\protected\controllers\CpsController.php (317)
in D:\code\php\admin\yii\login\index.php (17)
2014/07/10 14:20:59 [error] [exception.CHttpException.404] exception 'CHttpException' with message 'The system is unable to find the requested action "firstpaylist".' in D:\code\php\admin\yii\framework\web\CController.php:483
Stack trace:
#0 D:\code\php\admin\yii\framework\web\CController.php(270): CController->missingAction('firstpaylist')
#1 D:\code\php\admin\yii\framework\web\CWebApplication.php(282): CController->run('firstpaylist')
#2 D:\code\php\admin\yii\framework\web\CWebApplication.php(141): CWebApplication->runController('cps/firstpaylis...')
#3 D:\code\php\admin\yii\framework\base\CApplication.php(169): CWebApplication->processRequest()
#4 D:\code\php\admin\yii\login\index.php(17): CApplication->run()
#5 {main}
REQUEST_URI=/index.php/cps/firstpaylist?&inajax=2&ajaxtarget=userMain
HTTP_REFERER=http://cps.local.7433.com/
---
2014/07/10 14:30:54 [error] [php] Invalid argument supplied for foreach() (D:\code\php\admin\yii\login\protected\views\cps\firstpaylist.php:27)
Stack trace:
#0 D:\code\php\admin\yii\framework\web\CController.php(868): CpsController->renderFile()
#1 D:\code\php\admin\yii\framework\web\CController.php(781): CpsController->renderPartial()
#2 D:\code\php\admin\yii\login\protected\components\Controller.php(52): CpsController->render()
#3 D:\code\php\admin\yii\login\protected\controllers\CpsController.php(266): CpsController->render()
#4 D:\code\php\admin\yii\framework\web\actions\CInlineAction.php(49): CpsController->actionFirstPayList()
#5 D:\code\php\admin\yii\framework\web\CController.php(308): CInlineAction->runWithParams()
#6 D:\code\php\admin\yii\framework\web\CController.php(286): CpsController->runAction()
#7 D:\code\php\admin\yii\framework\web\CController.php(265): CpsController->runActionWithFilters()
#8 D:\code\php\admin\yii\framework\web\CWebApplication.php(282): CpsController->run()
#9 D:\code\php\admin\yii\framework\web\CWebApplication.php(141): CWebApplication->runController()
#10 D:\code\php\admin\yii\framework\base\CApplication.php(169): CWebApplication->processRequest()
#11 D:\code\php\admin\yii\login\index.php(17): CWebApplication->run()
REQUEST_URI=/index.php/cps/firstpaylist?&inajax=2&ajaxtarget=userMain
in D:\code\php\admin\yii\login\protected\views\cps\firstpaylist.php (27)
in D:\code\php\admin\yii\login\protected\components\Controller.php (52)
in D:\code\php\admin\yii\login\protected\controllers\CpsController.php (266)
2014/07/10 14:31:00 [error] [php] Invalid argument supplied for foreach() (D:\code\php\admin\yii\login\protected\views\cps\firstpaylist.php:27)
Stack trace:
#0 D:\code\php\admin\yii\framework\web\CController.php(868): CpsController->renderFile()
#1 D:\code\php\admin\yii\framework\web\CController.php(781): CpsController->renderPartial()
#2 D:\code\php\admin\yii\login\protected\components\Controller.php(52): CpsController->render()
#3 D:\code\php\admin\yii\login\protected\controllers\CpsController.php(266): CpsController->render()
#4 D:\code\php\admin\yii\framework\web\actions\CInlineAction.php(49): CpsController->actionFirstPayList()
#5 D:\code\php\admin\yii\framework\web\CController.php(308): CInlineAction->runWithParams()
#6 D:\code\php\admin\yii\framework\web\CController.php(286): CpsController->runAction()
#7 D:\code\php\admin\yii\framework\web\CController.php(265): CpsController->runActionWithFilters()
#8 D:\code\php\admin\yii\framework\web\CWebApplication.php(282): CpsController->run()
#9 D:\code\php\admin\yii\framework\web\CWebApplication.php(141): CWebApplication->runController()
#10 D:\code\php\admin\yii\framework\base\CApplication.php(169): CWebApplication->processRequest()
#11 D:\code\php\admin\yii\login\index.php(17): CWebApplication->run()
REQUEST_URI=/index.php/cps/firstpaylist?&inajax=2&ajaxtarget=userMain
in D:\code\php\admin\yii\login\protected\views\cps\firstpaylist.php (27)
in D:\code\php\admin\yii\login\protected\components\Controller.php (52)
in D:\code\php\admin\yii\login\protected\controllers\CpsController.php (266)
2014/07/10 14:31:02 [error] [php] Invalid argument supplied for foreach() (D:\code\php\admin\yii\login\protected\views\cps\firstpaylist.php:27)
Stack trace:
#0 D:\code\php\admin\yii\framework\web\CController.php(868): CpsController->renderFile()
#1 D:\code\php\admin\yii\framework\web\CController.php(781): CpsController->renderPartial()
#2 D:\code\php\admin\yii\login\protected\components\Controller.php(52): CpsController->render()
#3 D:\code\php\admin\yii\login\protected\controllers\CpsController.php(266): CpsController->render()
#4 D:\code\php\admin\yii\framework\web\actions\CInlineAction.php(49): CpsController->actionFirstPayList()
#5 D:\code\php\admin\yii\framework\web\CController.php(308): CInlineAction->runWithParams()
#6 D:\code\php\admin\yii\framework\web\CController.php(286): CpsController->runAction()
#7 D:\code\php\admin\yii\framework\web\CController.php(265): CpsController->runActionWithFilters()
#8 D:\code\php\admin\yii\framework\web\CWebApplication.php(282): CpsController->run()
#9 D:\code\php\admin\yii\framework\web\CWebApplication.php(141): CWebApplication->runController()
#10 D:\code\php\admin\yii\framework\base\CApplication.php(169): CWebApplication->processRequest()
#11 D:\code\php\admin\yii\login\index.php(17): CWebApplication->run()
REQUEST_URI=/index.php/cps/firstpaylist?&inajax=2&ajaxtarget=userMain
in D:\code\php\admin\yii\login\protected\views\cps\firstpaylist.php (27)
in D:\code\php\admin\yii\login\protected\components\Controller.php (52)
in D:\code\php\admin\yii\login\protected\controllers\CpsController.php (266)
2014/07/10 14:31:31 [error] [php] Invalid argument supplied for foreach() (D:\code\php\admin\yii\login\protected\views\cps\firstpaylist.php:27)
Stack trace:
#0 D:\code\php\admin\yii\framework\web\CController.php(868): CpsController->renderFile()
#1 D:\code\php\admin\yii\framework\web\CController.php(781): CpsController->renderPartial()
#2 D:\code\php\admin\yii\login\protected\components\Controller.php(52): CpsController->render()
#3 D:\code\php\admin\yii\login\protected\controllers\CpsController.php(266): CpsController->render()
#4 D:\code\php\admin\yii\framework\web\actions\CInlineAction.php(49): CpsController->actionFirstPayList()
#5 D:\code\php\admin\yii\framework\web\CController.php(308): CInlineAction->runWithParams()
#6 D:\code\php\admin\yii\framework\web\CController.php(286): CpsController->runAction()
#7 D:\code\php\admin\yii\framework\web\CController.php(265): CpsController->runActionWithFilters()
#8 D:\code\php\admin\yii\framework\web\CWebApplication.php(282): CpsController->run()
#9 D:\code\php\admin\yii\framework\web\CWebApplication.php(141): CWebApplication->runController()
#10 D:\code\php\admin\yii\framework\base\CApplication.php(169): CWebApplication->processRequest()
#11 D:\code\php\admin\yii\login\index.php(17): CWebApplication->run()
REQUEST_URI=/index.php/cps/firstpaylist?&inajax=2&ajaxtarget=userMain
in D:\code\php\admin\yii\login\protected\views\cps\firstpaylist.php (27)
in D:\code\php\admin\yii\login\protected\components\Controller.php (52)
in D:\code\php\admin\yii\login\protected\controllers\CpsController.php (266)
2014/07/10 14:31:36 [error] [php] Invalid argument supplied for foreach() (D:\code\php\admin\yii\login\protected\views\cps\firstpaylist.php:27)
Stack trace:
#0 D:\code\php\admin\yii\framework\web\CController.php(868): CpsController->renderFile()
#1 D:\code\php\admin\yii\framework\web\CController.php(781): CpsController->renderPartial()
#2 D:\code\php\admin\yii\login\protected\components\Controller.php(52): CpsController->render()
#3 D:\code\php\admin\yii\login\protected\controllers\CpsController.php(266): CpsController->render()
#4 D:\code\php\admin\yii\framework\web\actions\CInlineAction.php(49): CpsController->actionFirstPayList()
#5 D:\code\php\admin\yii\framework\web\CController.php(308): CInlineAction->runWithParams()
#6 D:\code\php\admin\yii\framework\web\CController.php(286): CpsController->runAction()
#7 D:\code\php\admin\yii\framework\web\CController.php(265): CpsController->runActionWithFilters()
#8 D:\code\php\admin\yii\framework\web\CWebApplication.php(282): CpsController->run()
#9 D:\code\php\admin\yii\framework\web\CWebApplication.php(141): CWebApplication->runController()
#10 D:\code\php\admin\yii\framework\base\CApplication.php(169): CWebApplication->processRequest()
#11 D:\code\php\admin\yii\login\index.php(17): CWebApplication->run()
REQUEST_URI=/index.php/cps/firstpaylist?&inajax=2&ajaxtarget=userMain
in D:\code\php\admin\yii\login\protected\views\cps\firstpaylist.php (27)
in D:\code\php\admin\yii\login\protected\components\Controller.php (52)
in D:\code\php\admin\yii\login\protected\controllers\CpsController.php (266)
2014/07/10 14:36:25 [error] [exception.CException] exception 'CException' with message 'Property "CWebApplication.param" is not defined.' in D:\code\php\admin\yii\framework\base\CComponent.php:130
Stack trace:
#0 D:\code\php\admin\yii\framework\base\CModule.php(105): CComponent->__get('param')
#1 D:\code\php\admin\yii\login\protected\controllers\CpsController.php(304): CModule->__get('param')
#2 D:\code\php\admin\yii\framework\web\actions\CInlineAction.php(49): CpsController->actionFirstPay()
#3 D:\code\php\admin\yii\framework\web\CController.php(308): CInlineAction->runWithParams(Array)
#4 D:\code\php\admin\yii\framework\web\CController.php(286): CController->runAction(Object(CInlineAction))
#5 D:\code\php\admin\yii\framework\web\CController.php(265): CController->runActionWithFilters(Object(CInlineAction), Array)
#6 D:\code\php\admin\yii\framework\web\CWebApplication.php(282): CController->run('firstpay')
#7 D:\code\php\admin\yii\framework\web\CWebApplication.php(141): CWebApplication->runController('cps/firstpay')
#8 D:\code\php\admin\yii\framework\base\CApplication.php(169): CWebApplication->processRequest()
#9 D:\code\php\admin\yii\login\index.php(17): CApplication->run()
#10 {main}
REQUEST_URI=/index.php/cps/firstpay?&inajax=2&ajaxtarget=userMain
HTTP_REFERER=http://cps.local.7433.com/
---
2014/07/11 07:52:53 [error] [exception.CException] exception 'CException' with message 'CHttpRequest 不能确认请求的 URI.' in D:\code\php\admin\yii\framework\web\CHttpRequest.php:506
Stack trace:
#0 D:\code\php\admin\yii\framework\web\CHttpRequest.php(418): CHttpRequest->getRequestUri()
#1 D:\code\php\admin\yii\framework\web\CUrlManager.php(361): CHttpRequest->getPathInfo()
#2 D:\code\php\admin\yii\framework\web\CWebApplication.php(140): CUrlManager->parseUrl(Object(CHttpRequest))
#3 D:\code\php\admin\yii\framework\base\CApplication.php(169): CWebApplication->processRequest()
#4 D:\code\php\admin\yii\login\crontab.php(18): CApplication->run()
#5 {main}
---
2014/07/11 07:55:27 [error] [exception.CException] exception 'CException' with message 'CHttpRequest 不能确认请求的 URI.' in D:\code\php\admin\yii\framework\web\CHttpRequest.php:506
Stack trace:
#0 D:\code\php\admin\yii\framework\web\CHttpRequest.php(418): CHttpRequest->getRequestUri()
#1 D:\code\php\admin\yii\framework\web\CUrlManager.php(361): CHttpRequest->getPathInfo()
#2 D:\code\php\admin\yii\framework\web\CWebApplication.php(140): CUrlManager->parseUrl(Object(CHttpRequest))
#3 D:\code\php\admin\yii\framework\base\CApplication.php(169): CWebApplication->processRequest()
#4 D:\code\php\admin\yii\login\crontab.php(18): CApplication->run()
#5 {main}
---
2014/07/11 07:56:20 [error] [exception.CException] exception 'CException' with message 'CHttpRequest 不能确认请求的 URI.' in D:\code\php\admin\yii\framework\web\CHttpRequest.php:506
Stack trace:
#0 D:\code\php\admin\yii\framework\web\CHttpRequest.php(418): CHttpRequest->getRequestUri()
#1 D:\code\php\admin\yii\framework\web\CUrlManager.php(361): CHttpRequest->getPathInfo()
#2 D:\code\php\admin\yii\framework\web\CWebApplication.php(140): CUrlManager->parseUrl(Object(CHttpRequest))
#3 D:\code\php\admin\yii\framework\base\CApplication.php(169): CWebApplication->processRequest()
#4 D:\code\php\admin\yii\login\crontab.php(18): CApplication->run()
#5 {main}
---
2014/07/11 07:56:58 [error] [exception.CException] exception 'CException' with message 'CHttpRequest 不能确认请求的 URI.' in D:\code\php\admin\yii\framework\web\CHttpRequest.php:506
Stack trace:
#0 D:\code\php\admin\yii\framework\web\CHttpRequest.php(418): CHttpRequest->getRequestUri()
#1 D:\code\php\admin\yii\framework\web\CUrlManager.php(361): CHttpRequest->getPathInfo()
#2 D:\code\php\admin\yii\framework\web\CWebApplication.php(140): CUrlManager->parseUrl(Object(CHttpRequest))
#3 D:\code\php\admin\yii\framework\base\CApplication.php(169): CWebApplication->processRequest()
#4 D:\code\php\admin\yii\login\crontab.php(18): CApplication->run()
#5 {main}
---
2014/07/11 08:05:22 [error] [php] Declaration of parsetxtCommand::run() should be compatible with CConsoleCommand::run($args) (D:\code\php\admin\yii\login\protected\commands\parsetxtCommand.php:3)
Stack trace:
#0 D:\code\php\admin\yii\framework\console\CConsoleApplication.php(91): CConsoleCommandRunner->run()
#1 D:\code\php\admin\yii\framework\base\CApplication.php(169): CConsoleApplication->processRequest()
#2 D:\code\php\admin\yii\login\crontab.php(19): CConsoleApplication->run()

2014/07/11 08:06:50 [error] [php] call_user_func_array() expects parameter 1 to be a valid callback, non-static method StatisticsServer::extra_1001() should not be called statically (D:\code\php\admin\yii\login\protected\models\StatisticsServer.php:133)
Stack trace:
#0 D:\code\php\admin\yii\framework\console\CConsoleCommandRunner.php(67): parsetxtCommand->run()
#1 D:\code\php\admin\yii\framework\console\CConsoleApplication.php(91): CConsoleCommandRunner->run()
#2 D:\code\php\admin\yii\framework\base\CApplication.php(169): CConsoleApplication->processRequest()
#3 D:\code\php\admin\yii\login\crontab.php(19): CConsoleApplication->run()

2014/07/11 08:10:38 [error] [php] call_user_func_array() expects parameter 1 to be a valid callback, non-static method StatisticsServer::extra_1001() should not be called statically (D:\code\php\admin\yii\login\protected\models\StatisticsServer.php:133)
Stack trace:
#0 D:\code\php\admin\yii\framework\console\CConsoleCommandRunner.php(67): parsetxtCommand->run()
#1 D:\code\php\admin\yii\framework\console\CConsoleApplication.php(91): CConsoleCommandRunner->run()
#2 D:\code\php\admin\yii\framework\base\CApplication.php(169): CConsoleApplication->processRequest()
#3 D:\code\php\admin\yii\login\protected\commands\shell\crontab.php(19): CConsoleApplication->run()

